11/13/21 2:09:04: mystyle.scss - `layout/header` file not found for @import: mystyle.scss on line 69, at column 1
11/13/21 2:09:22: mystyle.scss - `layout/header` file not found for @import: mystyle.scss on line 69, at column 1
11/13/21 2:12:39: mystyle.scss - `layout/header` file not found for @import: mystyle.scss on line 69, at column 1
11/13/21 2:12:57: mystyle.scss - `layout/header` file not found for @import: mystyle.scss on line 69, at column 1
11/13/21 2:12:57: mystyle.scss - `layout/header` file not found for @import: mystyle.scss on line 69, at column 1
11/13/21 2:13:06: mystyle.scss - `layout/header` file not found for @import: mystyle.scss on line 69, at column 1
11/13/21 2:13:09: mystyle.scss - `layout/header` file not found for @import: mystyle.scss on line 69, at column 1
11/13/21 2:14:11: mystyle.scss - `layout/header` file not found for @import: mystyle.scss on line 69, at column 1
11/13/21 2:15:04: mystyle.scss - `/layout/header` file not found for @import: mystyle.scss on line 69, at column 1
11/13/21 2:15:53: mystyle.scss - `./layout/header` file not found for @import: mystyle.scss on line 69, at column 1
11/13/21 2:16:54: mystyle.scss - `layout/header` file not found for @import: mystyle.scss on line 69, at column 1
11/13/21 2:17:09: mystyle.scss - `layout/header` file not found for @import: mystyle.scss on line 69, at column 1
11/13/21 2:17:10: mystyle.scss - `layout/header` file not found for @import: mystyle.scss on line 69, at column 1
11/13/21 2:17:14: mystyle.scss - `layout/header` file not found for @import: mystyle.scss on line 69, at column 1
11/13/21 2:17:25: mystyle.scss - `layout/header` file not found for @import: mystyle.scss on line 69, at column 1
11/13/21 2:17:28: mystyle.scss - `layout/header` file not found for @import: mystyle.scss on line 69, at column 1
11/13/21 2:18:29: mystyle.scss - `/layout/header` file not found for @import: mystyle.scss on line 69, at column 1
11/13/21 2:19:38: mystyle.scss - `/layout/header` file not found for @import: mystyle.scss on line 69, at column 1
11/13/21 2:19:51: mystyle.scss - `/layout/header` file not found for @import: mystyle.scss on line 69, at column 1
11/24/21 3:45:13: golfstyle.scss - `layout/header` file not found for @import: golfstyle.scss on line 88, at column 1
11/24/21 3:45:13: mystyle.scss - `/layout/header` file not found for @import: mystyle.scss on line 69, at column 1
11/24/21 3:45:13: sm-golf.scss - `layout/header` file not found for @import: sm-golf.scss on line 90, at column 1
11/24/21 3:45:23: golfstyle.scss - `layout/header` file not found for @import: golfstyle.scss on line 88, at column 1
11/24/21 3:45:23: mystyle.scss - `/layout/header` file not found for @import: mystyle.scss on line 69, at column 1
11/24/21 3:45:23: sm-golf.scss - `layout/header` file not found for @import: sm-golf.scss on line 90, at column 1
11/24/21 3:45:24: golfstyle.scss - `layout/header` file not found for @import: golfstyle.scss on line 88, at column 1
11/24/21 3:45:24: mystyle.scss - `/layout/header` file not found for @import: mystyle.scss on line 69, at column 1
11/24/21 3:45:24: sm-golf.scss - `layout/header` file not found for @import: sm-golf.scss on line 90, at column 1
11/24/21 3:45:26: golfstyle.scss - `layout/header` file not found for @import: golfstyle.scss on line 88, at column 1
11/24/21 3:45:26: mystyle.scss - `/layout/header` file not found for @import: mystyle.scss on line 69, at column 1
11/24/21 3:45:26: sm-golf.scss - `layout/header` file not found for @import: sm-golf.scss on line 90, at column 1
11/24/21 3:45:27: golfstyle.scss - `layout/header` file not found for @import: golfstyle.scss on line 88, at column 1
11/24/21 3:45:27: mystyle.scss - `/layout/header` file not found for @import: mystyle.scss on line 69, at column 1
11/24/21 3:45:27: sm-golf.scss - `layout/header` file not found for @import: sm-golf.scss on line 90, at column 1
11/24/21 3:45:42: golfstyle.scss - `layout/header` file not found for @import: golfstyle.scss on line 88, at column 1
11/24/21 3:45:42: mystyle.scss - `/layout/header` file not found for @import: mystyle.scss on line 69, at column 1
11/24/21 3:45:42: sm-golf.scss - `layout/header` file not found for @import: sm-golf.scss on line 90, at column 1
11/24/21 3:47:44: golfstyle.scss - `/header` file not found for @import: golfstyle.scss on line 88, at column 1
11/24/21 3:47:44: mystyle.scss - `/layout/header` file not found for @import: mystyle.scss on line 69, at column 1
11/24/21 3:47:44: sm-golf.scss - `layout/header` file not found for @import: sm-golf.scss on line 90, at column 1
11/24/21 3:49:45: golfstyle.scss - `layout/header` file not found for @import: golfstyle.scss on line 88, at column 1
11/24/21 3:49:45: mystyle.scss - `/layout/header` file not found for @import: mystyle.scss on line 69, at column 1
11/24/21 3:49:45: sm-golf.scss - `layout/header` file not found for @import: sm-golf.scss on line 90, at column 1
11/24/21 3:50:51: golfstyle.scss - `layout/header` file not found for @import: golfstyle.scss on line 88, at column 1
11/24/21 3:50:51: mystyle.scss - `/layout/header` file not found for @import: mystyle.scss on line 69, at column 1
11/24/21 3:50:51: sm-golf.scss - `layout/header` file not found for @import: sm-golf.scss on line 90, at column 1
11/24/21 3:50:55: golfstyle.scss - `layout/header` file not found for @import: golfstyle.scss on line 88, at column 1
11/24/21 3:50:55: mystyle.scss - `/layout/header` file not found for @import: mystyle.scss on line 69, at column 1
11/24/21 3:50:55: sm-golf.scss - `layout/header` file not found for @import: sm-golf.scss on line 90, at column 1
11/24/21 3:50:58: golfstyle.scss - `layout/header` file not found for @import: golfstyle.scss on line 88, at column 1
11/24/21 3:50:58: mystyle.scss - `/layout/header` file not found for @import: mystyle.scss on line 69, at column 1
11/24/21 3:50:58: sm-golf.scss - `layout/header` file not found for @import: sm-golf.scss on line 90, at column 1
11/24/21 3:51:09: golfstyle.scss - `layout/header` file not found for @import: golfstyle.scss on line 88, at column 1
11/24/21 3:51:09: mystyle.scss - `/layout/header` file not found for @import: mystyle.scss on line 69, at column 1
11/24/21 3:51:09: sm-golf.scss - `layout/header` file not found for @import: sm-golf.scss on line 90, at column 1
11/24/21 3:51:22: golfstyle.scss - `layout/header` file not found for @import: golfstyle.scss on line 88, at column 1
11/24/21 3:51:22: mystyle.scss - `/layout/header` file not found for @import: mystyle.scss on line 69, at column 1
11/24/21 3:51:22: sm-golf.scss - `layout/header` file not found for @import: sm-golf.scss on line 90, at column 1
11/24/21 3:52:24: golfstyle.scss - `header` file not found for @import: golfstyle.scss on line 88, at column 1
11/24/21 3:52:24: mystyle.scss - `/layout/header` file not found for @import: mystyle.scss on line 69, at column 1
11/24/21 3:52:24: sm-golf.scss - `layout/header` file not found for @import: sm-golf.scss on line 90, at column 1
11/24/21 3:53:58: golfstyle.scss - `layout/header` file not found for @import: golfstyle.scss on line 88, at column 1
11/24/21 3:53:58: mystyle.scss - `/layout/header` file not found for @import: mystyle.scss on line 69, at column 1
11/24/21 3:53:58: sm-golf.scss - `layout/header` file not found for @import: sm-golf.scss on line 90, at column 1
11/24/21 3:54:58: golfstyle.scss - `layout/header` file not found for @import: golfstyle.scss on line 88, at column 1
11/24/21 3:54:58: mystyle.scss - `/layout/header` file not found for @import: mystyle.scss on line 69, at column 1
11/24/21 3:54:58: sm-golf.scss - `layout/header` file not found for @import: sm-golf.scss on line 90, at column 1
11/24/21 3:56:58: golfstyle.scss - `layout/index` file not found for @import: golfstyle.scss on line 90, at column 1
11/24/21 3:56:58: mystyle.scss - `/layout/header` file not found for @import: mystyle.scss on line 69, at column 1
11/24/21 3:56:58: sm-golf.scss - `layout/header` file not found for @import: sm-golf.scss on line 90, at column 1
11/24/21 3:58:54: mystyle.scss - `/layout/header` file not found for @import: mystyle.scss on line 69, at column 1
11/24/21 3:58:54: sm-golf.scss - `layout/header` file not found for @import: sm-golf.scss on line 90, at column 1
11/24/21 3:59:54: sm-golf.scss - `layout/header` file not found for @import: sm-golf.scss on line 90, at column 1
11/27/21 8:18:23: pc-golf.scss - unclosed block: failed at `` /Applications/MAMP/htdocs/wp01/wp-content/themes/golf/scss/../layout/layout/_index.scss on line 876, at column 0
11/27/21 8:18:23: sm-golf.scss - unclosed block: failed at `` /Applications/MAMP/htdocs/wp01/wp-content/themes/golf/scss/../layout/layout/_index.scss on line 876, at column 0
